<?xml version="1.0" encoding="UTF-8"?>
<testng-results skipped="0" failed="1" ignored="0" total="3" passed="2">
  <reporter-output>
  </reporter-output>
  <suite name="Default suite" duration-ms="12844" started-at="2020-08-13T08:40:50Z" finished-at="2020-08-13T08:41:03Z">
    <groups>
    </groups>
    <test name="Default test" duration-ms="12844" started-at="2020-08-13T08:40:50Z" finished-at="2020-08-13T08:41:03Z">
      <class name="com.amit.testscripts.TC004">
        <test-method status="PASS" signature="testCreatePosts(int, java.lang.String, java.lang.String)[pri:0, instance:com.amit.testscripts.TC004@3ffc5af1]" name="testCreatePosts" duration-ms="8601" started-at="2020-08-13T14:10:52Z" description="POST API to create a new post" data-provider="supply payload" finished-at="2020-08-13T14:11:00Z">
          <params>
            <param index="0">
              <value>
                <![CDATA[11]]>
              </value>
            </param>
            <param index="1">
              <value>
                <![CDATA[qui qui voluptates illo iste minima]]>
              </value>
            </param>
            <param index="2">
              <value>
                <![CDATA[aspernatur expedita soluta quo ab ut similique\nexpedita dolores amet\nsed temporibus distinctio magnam saepe deleniti\nomnis facilis nam ipsum natus sint similique omnis]]>
              </value>
            </param>
          </params>
          <reporter-output>
          </reporter-output>
        </test-method> <!-- testCreatePosts -->
        <test-method status="PASS" signature="testCreatePosts(int, java.lang.String, java.lang.String)[pri:0, instance:com.amit.testscripts.TC004@3ffc5af1]" name="testCreatePosts" duration-ms="1585" started-at="2020-08-13T14:11:00Z" description="POST API to create a new post" data-provider="supply payload" finished-at="2020-08-13T14:11:02Z">
          <params>
            <param index="0">
              <value>
                <![CDATA[11]]>
              </value>
            </param>
            <param index="1">
              <value>
                <![CDATA[qui qui voluptates illo iste minima]]>
              </value>
            </param>
            <param index="2">
              <value>
                <![CDATA[aspernatur expedita soluta quo ab ut similique\nexpedita dolores amet\nsed temporibus distinctio magnam saepe deleniti\nomnis facilis nam ipsum natus sint similique omnis]]>
              </value>
            </param>
          </params>
          <reporter-output>
          </reporter-output>
        </test-method> <!-- testCreatePosts -->
        <test-method status="FAIL" signature="getPostsByID()[pri:0, instance:com.amit.testscripts.TC004@3ffc5af1]" name="getPostsByID" duration-ms="859" started-at="2020-08-13T14:11:02Z" description="Get individual post by ID" depends-on-methods="com.amit.testscripts.TC004.testCreatePosts" finished-at="2020-08-13T14:11:03Z">
          <exception class="java.lang.AssertionError">
            <message>
              <![CDATA[expected [true] but found [false]]]>
            </message>
            <full-stacktrace>
              <![CDATA[java.lang.AssertionError: expected [true] but found [false]at org.testng.Assert.fail(Assert.java:96)at org.testng.Assert.failNotEquals(Assert.java:776)at org.testng.Assert.assertEqualsImpl(Assert.java:137)at org.testng.Assert.assertEquals(Assert.java:118)at org.testng.Assert.assertEquals(Assert.java:568)at org.testng.Assert.assertEquals(Assert.java:578)at com.amit.testscripts.TC004.getPostsByID(TC004.java:120)at sun.reflect.NativeMethodAccessorImpl.invoke0(Native Method)at sun.reflect.NativeMethodAccessorImpl.invoke(NativeMethodAccessorImpl.java:62)at sun.reflect.DelegatingMethodAccessorImpl.invoke(DelegatingMethodAccessorImpl.java:43)at java.lang.reflect.Method.invoke(Method.java:498)at org.testng.internal.MethodInvocationHelper.invokeMethod(MethodInvocationHelper.java:124)at org.testng.internal.Invoker.invokeMethod(Invoker.java:571)at org.testng.internal.Invoker.invokeTestMethod(Invoker.java:707)at org.testng.internal.Invoker.invokeTestMethods(Invoker.java:979)at org.testng.internal.TestMethodWorker.invokeTestMethods(TestMethodWorker.java:125)at org.testng.internal.TestMethodWorker.run(TestMethodWorker.java:109)at org.testng.TestRunner.privateRun(TestRunner.java:648)at org.testng.TestRunner.run(TestRunner.java:505)at org.testng.SuiteRunner.runTest(SuiteRunner.java:455)at org.testng.SuiteRunner.runSequentially(SuiteRunner.java:450)at org.testng.SuiteRunner.privateRun(SuiteRunner.java:415)at org.testng.SuiteRunner.run(SuiteRunner.java:364)at org.testng.SuiteRunnerWorker.runSuite(SuiteRunnerWorker.java:52)at org.testng.SuiteRunnerWorker.run(SuiteRunnerWorker.java:84)at org.testng.TestNG.runSuitesSequentially(TestNG.java:1187)at org.testng.TestNG.runSuitesLocally(TestNG.java:1116)at org.testng.TestNG.runSuites(TestNG.java:1028)at org.testng.TestNG.run(TestNG.java:996)at org.testng.remote.AbstractRemoteTestNG.run(AbstractRemoteTestNG.java:114)at org.testng.remote.RemoteTestNG.initAndRun(RemoteTestNG.java:251)at org.testng.remote.RemoteTestNG.main(RemoteTestNG.java:77)]]>
            </full-stacktrace>
          </exception> <!-- java.lang.AssertionError -->
          <reporter-output>
          </reporter-output>
        </test-method> <!-- getPostsByID -->
      </class> <!-- com.amit.testscripts.TC004 -->
    </test> <!-- Default test -->
  </suite> <!-- Default suite -->
</testng-results>
