<?xml version="1.0" encoding="UTF-8"?>
<!-- Generated by org.testng.reporters.JUnitReportReporter -->
<testsuite skipped="1" hostname="DESKTOP-D8C95I2" name="com.amit.web.automation.HomePage" tests="2" failures="0" timestamp="05 Nov 2021 14:33:36 GMT" time="28.460" errors="1">
  <testcase name="checkHeaderElementsDisplay" time="0.000" classname="com.amit.web.automation.HomePage">
    <skipped/>
  </testcase> <!-- checkHeaderElementsDisplay -->
  <testcase name="beforeClass" time="28.460" classname="com.amit.web.automation.HomePage">
    <error type="org.openqa.selenium.SessionNotCreatedException" message="session not created: This version of ChromeDriver only supports Chrome version 91
Current browser version is 95.0.4638.69 with binary path C:\Program Files (x86)\Google\Chrome\Application\chrome.exe
Build info: version: &#039;3.141.59&#039;, revision: &#039;e82be7d358&#039;, time: &#039;2018-11-14T08:17:03&#039;
System info: host: &#039;DESKTOP-D8C95I2&#039;, ip: &#039;192.168.1.9&#039;, os.name: &#039;Windows 10&#039;, os.arch: &#039;amd64&#039;, os.version: &#039;10.0&#039;, java.version: &#039;1.8.0_161&#039;
Driver info: driver.version: ChromeDriver
remote stacktrace: Backtrace:
	Ordinal0 [0x00D23733+2504499]
	Ordinal0 [0x00CBC401+2081793]
	Ordinal0 [0x00BC2628+1058344]
	Ordinal0 [0x00BE071A+1181466]
	Ordinal0 [0x00BDC58C+1164684]
	Ordinal0 [0x00BD9DC3+1154499]
	Ordinal0 [0x00C09B82+1350530]
	Ordinal0 [0x00C097DA+1349594]
	Ordinal0 [0x00C05D4B+1334603]
	Ordinal0 [0x00BE22B4+1188532]
	Ordinal0 [0x00BE3149+1192265]
	GetHandleVerifier [0x00E9FB8C+1512252]
	GetHandleVerifier [0x00F4B0DF+2214031]
	GetHandleVerifier [0x00DA4BC3+484211]
	GetHandleVerifier [0x00DA3E69+480793]
	Ordinal0 [0x00CC218D+2105741]
	Ordinal0 [0x00CC66E8+2123496]
	Ordinal0 [0x00CC6827+2123815]
	Ordinal0 [0x00CCFB73+2161523]
	BaseThreadInitThunk [0x7536FA29+25]
	RtlGetAppContainerNamedObjectPath [0x77037A9E+286]
	RtlGetAppContainerNamedObjectPath [0x77037A6E+238]
">
      <![CDATA[org.openqa.selenium.SessionNotCreatedException: session not created: This version of ChromeDriver only supports Chrome version 91
Current browser version is 95.0.4638.69 with binary path C:\Program Files (x86)\Google\Chrome\Application\chrome.exe
Build info: version: '3.141.59', revision: 'e82be7d358', time: '2018-11-14T08:17:03'
System info: host: 'DESKTOP-D8C95I2', ip: '192.168.1.9', os.name: 'Windows 10', os.arch: 'amd64', os.version: '10.0', java.version: '1.8.0_161'
Driver info: driver.version: ChromeDriver
remote stacktrace: Backtrace:
Ordinal0 [0x00D23733+2504499]
Ordinal0 [0x00CBC401+2081793]
Ordinal0 [0x00BC2628+1058344]
Ordinal0 [0x00BE071A+1181466]
Ordinal0 [0x00BDC58C+1164684]
Ordinal0 [0x00BD9DC3+1154499]
Ordinal0 [0x00C09B82+1350530]
Ordinal0 [0x00C097DA+1349594]
Ordinal0 [0x00C05D4B+1334603]
Ordinal0 [0x00BE22B4+1188532]
Ordinal0 [0x00BE3149+1192265]
GetHandleVerifier [0x00E9FB8C+1512252]
GetHandleVerifier [0x00F4B0DF+2214031]
GetHandleVerifier [0x00DA4BC3+484211]
GetHandleVerifier [0x00DA3E69+480793]
Ordinal0 [0x00CC218D+2105741]
Ordinal0 [0x00CC66E8+2123496]
Ordinal0 [0x00CC6827+2123815]
Ordinal0 [0x00CCFB73+2161523]
BaseThreadInitThunk [0x7536FA29+25]
RtlGetAppContainerNamedObjectPath [0x77037A9E+286]
RtlGetAppContainerNamedObjectPath [0x77037A6E+238]

at sun.reflect.NativeConstructorAccessorImpl.newInstance0(Native Method)
at sun.reflect.NativeConstructorAccessorImpl.newInstance(NativeConstructorAccessorImpl.java:62)
at sun.reflect.DelegatingConstructorAccessorImpl.newInstance(DelegatingConstructorAccessorImpl.java:45)
at java.lang.reflect.Constructor.newInstance(Constructor.java:423)
at org.openqa.selenium.remote.W3CHandshakeResponse.lambda$errorHandler$0(W3CHandshakeResponse.java:62)
at org.openqa.selenium.remote.HandshakeResponse.lambda$getResponseFunction$0(HandshakeResponse.java:30)
at org.openqa.selenium.remote.ProtocolHandshake.lambda$createSession$0(ProtocolHandshake.java:126)
at java.util.stream.ReferencePipeline$3$1.accept(ReferencePipeline.java:193)
at java.util.Spliterators$ArraySpliterator.tryAdvance(Spliterators.java:958)
at java.util.stream.ReferencePipeline.forEachWithCancel(ReferencePipeline.java:126)
at java.util.stream.AbstractPipeline.copyIntoWithCancel(AbstractPipeline.java:498)
at java.util.stream.AbstractPipeline.copyInto(AbstractPipeline.java:485)
at java.util.stream.AbstractPipeline.wrapAndCopyInto(AbstractPipeline.java:471)
at java.util.stream.FindOps$FindOp.evaluateSequential(FindOps.java:152)
at java.util.stream.AbstractPipeline.evaluate(AbstractPipeline.java:234)
at java.util.stream.ReferencePipeline.findFirst(ReferencePipeline.java:464)
at org.openqa.selenium.remote.ProtocolHandshake.createSession(ProtocolHandshake.java:128)
at org.openqa.selenium.remote.ProtocolHandshake.createSession(ProtocolHandshake.java:74)
at org.openqa.selenium.remote.HttpCommandExecutor.execute(HttpCommandExecutor.java:136)
at org.openqa.selenium.remote.service.DriverCommandExecutor.execute(DriverCommandExecutor.java:83)
at org.openqa.selenium.remote.RemoteWebDriver.execute(RemoteWebDriver.java:552)
at org.openqa.selenium.remote.RemoteWebDriver.startSession(RemoteWebDriver.java:213)
at org.openqa.selenium.remote.RemoteWebDriver.<init>(RemoteWebDriver.java:131)
at org.openqa.selenium.chrome.ChromeDriver.<init>(ChromeDriver.java:181)
at org.openqa.selenium.chrome.ChromeDriver.<init>(ChromeDriver.java:168)
at org.openqa.selenium.chrome.ChromeDriver.<init>(ChromeDriver.java:157)
at com.amit.web.helper.browserConfiguration.ChromeBrowser.getChromeDriver(ChromeBrowser.java:37)
at com.amit.web.testBase.TestBase.getBrowserObject(TestBase.java:110)
at com.amit.web.testBase.TestBase.setUpDriver(TestBase.java:131)
at com.amit.web.testBase.TestBase.beforeClass(TestBase.java:62)
at sun.reflect.NativeMethodAccessorImpl.invoke0(Native Method)
at sun.reflect.NativeMethodAccessorImpl.invoke(NativeMethodAccessorImpl.java:62)
at sun.reflect.DelegatingMethodAccessorImpl.invoke(DelegatingMethodAccessorImpl.java:43)
at java.lang.reflect.Method.invoke(Method.java:498)
at org.testng.internal.MethodInvocationHelper.invokeMethod(MethodInvocationHelper.java:124)
at org.testng.internal.MethodInvocationHelper.invokeMethodConsideringTimeout(MethodInvocationHelper.java:59)
at org.testng.internal.Invoker.invokeConfigurationMethod(Invoker.java:458)
at org.testng.internal.Invoker.invokeConfigurations(Invoker.java:222)
at org.testng.internal.Invoker.invokeConfigurations(Invoker.java:142)
at org.testng.internal.TestMethodWorker.invokeBeforeClassMethods(TestMethodWorker.java:168)
at org.testng.internal.TestMethodWorker.run(TestMethodWorker.java:105)
at org.testng.TestRunner.privateRun(TestRunner.java:648)
at org.testng.TestRunner.run(TestRunner.java:505)
at org.testng.SuiteRunner.runTest(SuiteRunner.java:455)
at org.testng.SuiteRunner.runSequentially(SuiteRunner.java:450)
at org.testng.SuiteRunner.privateRun(SuiteRunner.java:415)
at org.testng.SuiteRunner.run(SuiteRunner.java:364)
at org.testng.SuiteRunnerWorker.runSuite(SuiteRunnerWorker.java:52)
at org.testng.SuiteRunnerWorker.run(SuiteRunnerWorker.java:84)
at org.testng.TestNG.runSuitesSequentially(TestNG.java:1208)
at org.testng.TestNG.runSuitesLocally(TestNG.java:1137)
at org.testng.TestNG.runSuites(TestNG.java:1049)
at org.testng.TestNG.run(TestNG.java:1017)
at org.testng.remote.AbstractRemoteTestNG.run(AbstractRemoteTestNG.java:114)
at org.testng.remote.RemoteTestNG.initAndRun(RemoteTestNG.java:251)
at org.testng.remote.RemoteTestNG.main(RemoteTestNG.java:77)
]]>
    </error>
  </testcase> <!-- beforeClass -->
</testsuite> <!-- com.amit.web.automation.HomePage -->
